CircleOnet/library/build/outputs/logs/manifest-merger-release-report.txt
-- Merging decision tree log ---
manifest
ADDED from CircleOnet\library\AndroidManifest.xml:1:1-3:12
INJECTED from CircleOnet\library\AndroidManifest.xml:1:1-3:12
INJECTED from CircleOnet\library\AndroidManifest.xml:1:1-3:12
	package
		ADDED from CircleOnet\library\AndroidManifest.xml:1:11-46
		INJECTED from CircleOnet\library\AndroidManifest.xml
		INJECTED from CircleOnet\library\AndroidManifest.xml